<?xml version="1.0" encoding="UTF-8"?>
<!-- Generated by org.testng.reporters.JUnitReportReporter -->
<testsuite skipped="0" hostname="MacBook-Pro-cua-KIM.local" name="selenium.runTestcaseDemo" tests="2" failures="0" timestamp="2020-05-08T09:09:22 ICT" time="0.056" errors="0">
  <testcase name="TC_01_DemoRunOnJenkins" time="0.052" classname="selenium.runTestcaseDemo"/>
  <system-out/>
  <testcase name="TC_02_getURL" time="0.004" classname="selenium.runTestcaseDemo"/>
  <system-out/>
</testsuite> <!-- selenium.runTestcaseDemo -->
